TN:
SF:src/config/database.ts
FN:19,(anonymous_1)
FN:24,(anonymous_2)
FNF:2
FNH:1
FNDA:4,(anonymous_1)
FNDA:0,(anonymous_2)
DA:1,3
DA:2,3
DA:5,3
DA:7,3
DA:8,3
DA:11,3
DA:19,3
DA:20,4
DA:24,3
DA:25,0
DA:26,0
LF:11
LH:9
BRF:0
BRH:0
end_of_record
TN:
SF:src/controllers/auth.controller.ts
FN:15,(anonymous_0)
FN:125,(anonymous_1)
FN:215,(anonymous_2)
FNF:3
FNH:3
FNDA:7,(anonymous_0)
FNDA:7,(anonymous_1)
FNDA:2,(anonymous_2)
DA:2,1
DA:3,1
DA:10,1
DA:16,7
DA:17,7
DA:18,7
DA:20,7
DA:23,7
DA:24,1
DA:25,1
DA:30,1
DA:33,6
DA:34,1
DA:35,1
DA:40,1
DA:43,5
DA:44,1
DA:45,1
DA:50,1
DA:54,4
DA:55,4
DA:56,1
DA:57,1
DA:62,1
DA:66,3
DA:67,1
DA:68,1
DA:73,1
DA:77,2
DA:78,2
DA:80,2
DA:81,1
DA:82,1
DA:87,1
DA:91,1
DA:92,1
DA:95,1
DA:96,1
DA:99,1
DA:101,1
DA:103,1
DA:112,0
DA:113,0
DA:126,7
DA:127,7
DA:128,7
DA:130,7
DA:133,7
DA:134,1
DA:135,1
DA:140,1
DA:143,6
DA:144,1
DA:145,1
DA:150,1
DA:154,5
DA:155,5
DA:157,5
DA:158,3
DA:160,3
DA:165,3
DA:169,2
DA:170,2
DA:172,2
DA:173,2
DA:175,2
DA:180,2
DA:184,0
DA:185,0
DA:188,0
DA:190,0
DA:192,0
DA:201,0
DA:202,0
DA:216,2
DA:217,2
DA:220,2
DA:222,2
DA:223,0
DA:224,0
DA:229,0
DA:232,2
DA:235,2
DA:237,2
DA:238,1
DA:239,1
DA:244,1
DA:248,1
DA:250,1
DA:252,1
DA:260,0
DA:261,0
LF:92
LH:78
BRDA:23,0,0,1
BRDA:23,0,1,6
BRDA:23,1,0,7
BRDA:23,1,1,6
BRDA:33,2,0,1
BRDA:33,2,1,5
BRDA:33,3,0,6
BRDA:33,3,1,5
BRDA:43,4,0,1
BRDA:43,4,1,4
BRDA:43,5,0,5
BRDA:43,5,1,4
BRDA:55,6,0,1
BRDA:55,6,1,3
BRDA:66,7,0,1
BRDA:66,7,1,2
BRDA:80,8,0,1
BRDA:80,8,1,1
BRDA:133,9,0,1
BRDA:133,9,1,6
BRDA:133,10,0,7
BRDA:133,10,1,6
BRDA:143,11,0,1
BRDA:143,11,1,5
BRDA:143,12,0,6
BRDA:143,12,1,5
BRDA:157,13,0,3
BRDA:157,13,1,2
BRDA:172,14,0,2
BRDA:172,14,1,0
BRDA:222,15,0,0
BRDA:222,15,1,2
BRDA:237,16,0,1
BRDA:237,16,1,1
BRF:34
BRH:32
end_of_record
TN:
SF:src/controllers/task.controller.ts
FN:34,(anonymous_0)
FN:116,(anonymous_1)
FN:147,(anonymous_2)
FN:201,(anonymous_3)
FN:244,(anonymous_4)
FNF:5
FNH:0
FNDA:0,(anonymous_0)
FNDA:0,(anonymous_1)
FNDA:0,(anonymous_2)
FNDA:0,(anonymous_3)
FNDA:0,(anonymous_4)
DA:2,0
DA:3,0
DA:5,0
DA:27,0
DA:35,0
DA:36,0
DA:39,0
DA:45,0
DA:46,0
DA:49,0
DA:52,0
DA:54,0
DA:55,0
DA:56,0
DA:57,0
DA:59,0
DA:62,0
DA:63,0
DA:64,0
DA:65,0
DA:66,0
DA:70,0
DA:71,0
DA:72,0
DA:74,0
DA:76,0
DA:77,0
DA:78,0
DA:79,0
DA:81,0
DA:82,0
DA:83,0
DA:86,0
DA:89,0
DA:90,0
DA:92,0
DA:100,0
DA:102,0
DA:104,0
DA:105,0
DA:108,0
DA:117,0
DA:118,0
DA:120,0
DA:122,0
DA:124,0
DA:125,0
DA:126,0
DA:129,0
DA:130,0
DA:132,0
DA:134,0
DA:135,0
DA:138,0
DA:148,0
DA:149,0
DA:150,0
DA:152,0
DA:153,0
DA:156,0
DA:159,0
DA:160,0
DA:161,0
DA:162,0
DA:163,0
DA:168,0
DA:169,0
DA:173,0
DA:174,0
DA:178,0
DA:179,0
DA:182,0
DA:184,0
DA:185,0
DA:187,0
DA:189,0
DA:190,0
DA:193,0
DA:202,0
DA:203,0
DA:205,0
DA:206,0
DA:208,0
DA:211,0
DA:212,0
DA:216,0
DA:217,0
DA:220,0
DA:222,0
DA:223,0
DA:224,0
DA:227,0
DA:228,0
DA:230,0
DA:232,0
DA:233,0
DA:236,0
DA:245,0
DA:246,0
DA:248,0
DA:250,0
DA:252,0
DA:253,0
DA:254,0
DA:257,0
DA:258,0
DA:260,0
DA:262,0
DA:263,0
DA:266,0
LF:110
LH:0
BRDA:52,0,0,0
BRDA:52,0,1,0
BRDA:54,1,0,0
BRDA:54,1,1,0
BRDA:62,2,0,0
BRDA:62,2,1,0
BRDA:64,3,0,0
BRDA:64,3,1,0
BRDA:74,4,0,0
BRDA:74,4,1,0
BRDA:74,5,0,0
BRDA:74,5,1,0
BRDA:79,6,0,0
BRDA:79,6,1,0
BRDA:79,7,0,0
BRDA:79,7,1,0
BRDA:104,8,0,0
BRDA:104,8,1,0
BRDA:124,9,0,0
BRDA:124,9,1,0
BRDA:134,10,0,0
BRDA:134,10,1,0
BRDA:159,11,0,0
BRDA:159,11,1,0
BRDA:159,12,0,0
BRDA:159,12,1,0
BRDA:161,13,0,0
BRDA:161,13,1,0
BRDA:168,14,0,0
BRDA:168,14,1,0
BRDA:173,15,0,0
BRDA:173,15,1,0
BRDA:178,16,0,0
BRDA:178,16,1,0
BRDA:189,17,0,0
BRDA:189,17,1,0
BRDA:211,18,0,0
BRDA:211,18,1,0
BRDA:216,19,0,0
BRDA:216,19,1,0
BRDA:222,20,0,0
BRDA:222,20,1,0
BRDA:232,21,0,0
BRDA:232,21,1,0
BRDA:252,22,0,0
BRDA:252,22,1,0
BRDA:262,23,0,0
BRDA:262,23,1,0
BRF:48
BRH:0
end_of_record
TN:
SF:src/controllers/team.controller.ts
FN:32,(anonymous_0)
FN:64,(anonymous_1)
FN:109,(anonymous_2)
FN:153,(anonymous_3)
FN:199,(anonymous_4)
FN:249,(anonymous_5)
FNF:6
FNH:0
FNDA:0,(anonymous_0)
FNDA:0,(anonymous_1)
FNDA:0,(anonymous_2)
FNDA:0,(anonymous_3)
FNDA:0,(anonymous_4)
FNDA:0,(anonymous_5)
DA:2,0
DA:4,0
DA:25,0
DA:33,0
DA:35,0
DA:36,0
DA:37,0
DA:39,0
DA:42,0
DA:44,0
DA:45,0
DA:48,0
DA:50,0
DA:51,0
DA:54,0
DA:65,0
DA:67,0
DA:68,0
DA:71,0
DA:76,0
DA:77,0
DA:79,0
DA:80,0
DA:82,0
DA:90,0
DA:93,0
DA:95,0
DA:96,0
DA:99,0
DA:110,0
DA:112,0
DA:113,0
DA:114,0
DA:116,0
DA:119,0
DA:120,0
DA:121,0
DA:122,0
DA:126,0
DA:128,0
DA:129,0
DA:130,0
DA:133,0
DA:134,0
DA:137,0
DA:139,0
DA:140,0
DA:143,0
DA:154,0
DA:156,0
DA:157,0
DA:158,0
DA:159,0
DA:161,0
DA:164,0
DA:165,0
DA:166,0
DA:167,0
DA:171,0
DA:172,0
DA:173,0
DA:174,0
DA:178,0
DA:180,0
DA:181,0
DA:184,0
DA:186,0
DA:187,0
DA:190,0
DA:200,0
DA:202,0
DA:203,0
DA:204,0
DA:205,0
DA:207,0
DA:210,0
DA:211,0
DA:212,0
DA:213,0
DA:217,0
DA:218,0
DA:219,0
DA:223,0
DA:225,0
DA:226,0
DA:227,0
DA:230,0
DA:231,0
DA:234,0
DA:236,0
DA:237,0
DA:240,0
DA:250,0
DA:252,0
DA:253,0
DA:254,0
DA:256,0
DA:259,0
DA:260,0
DA:261,0
DA:262,0
DA:266,0
DA:268,0
DA:269,0
DA:270,0
DA:273,0
DA:274,0
DA:277,0
DA:279,0
DA:280,0
DA:283,0
LF:111
LH:0
BRDA:50,0,0,0
BRDA:50,0,1,0
BRDA:95,1,0,0
BRDA:95,1,1,0
BRDA:120,2,0,0
BRDA:120,2,1,0
BRDA:128,3,0,0
BRDA:128,3,1,0
BRDA:139,4,0,0
BRDA:139,4,1,0
BRDA:165,5,0,0
BRDA:165,5,1,0
BRDA:172,6,0,0
BRDA:172,6,1,0
BRDA:186,7,0,0
BRDA:186,7,1,0
BRDA:211,8,0,0
BRDA:211,8,1,0
BRDA:217,9,0,0
BRDA:217,9,1,0
BRDA:225,10,0,0
BRDA:225,10,1,0
BRDA:236,11,0,0
BRDA:236,11,1,0
BRDA:260,12,0,0
BRDA:260,12,1,0
BRDA:268,13,0,0
BRDA:268,13,1,0
BRDA:279,14,0,0
BRDA:279,14,1,0
BRF:30
BRH:0
end_of_record
TN:
SF:src/middleware/auth.ts
FN:12,authenticate
FN:93,optionalAuthenticate
FNF:2
FNH:0
FNDA:0,authenticate
FNDA:0,optionalAuthenticate
DA:2,0
DA:12,0
DA:17,0
DA:18,0
DA:19,0
DA:23,0
DA:25,0
DA:27,0
DA:28,0
DA:29,0
DA:34,0
DA:38,0
DA:40,0
DA:41,0
DA:42,0
DA:47,0
DA:50,0
DA:53,0
DA:55,0
DA:56,0
DA:57,0
DA:62,0
DA:66,0
DA:70,0
DA:71,0
DA:74,0
DA:76,0
DA:77,0
DA:93,0
DA:98,0
DA:99,0
DA:101,0
DA:104,0
DA:105,0
DA:106,0
DA:107,0
DA:111,0
DA:113,0
DA:114,0
DA:116,0
DA:117,0
DA:120,0
DA:122,0
DA:126,0
DA:128,0
DA:130,0
LF:46
LH:0
BRDA:25,0,0,0
BRDA:25,0,1,0
BRDA:27,1,0,0
BRDA:27,1,1,0
BRDA:40,2,0,0
BRDA:40,2,1,0
BRDA:55,3,0,0
BRDA:55,3,1,0
BRDA:104,4,0,0
BRDA:104,4,1,0
BRDA:113,5,0,0
BRDA:113,5,1,0
BRDA:116,6,0,0
BRDA:116,6,1,0
BRF:14
BRH:0
end_of_record
TN:
SF:src/models/task.model.ts
FN:64,(anonymous_0)
FN:109,(anonymous_1)
FN:136,(anonymous_2)
FN:163,(anonymous_3)
FN:236,(anonymous_4)
FN:265,(anonymous_5)
FN:309,(anonymous_6)
FN:353,(anonymous_7)
FN:398,(anonymous_8)
FNF:9
FNH:9
FNDA:2,(anonymous_0)
FNDA:3,(anonymous_1)
FNDA:2,(anonymous_2)
FNDA:3,(anonymous_3)
FNDA:2,(anonymous_4)
FNDA:3,(anonymous_5)
FNDA:3,(anonymous_6)
FNDA:2,(anonymous_7)
FNDA:1,(anonymous_8)
DA:1,1
DA:2,1
DA:56,1
DA:65,2
DA:67,2
DA:69,2
DA:71,2
DA:73,0
DA:81,0
DA:82,0
DA:84,0
DA:90,2
DA:91,2
DA:93,2
DA:99,0
DA:100,0
DA:110,3
DA:112,3
DA:113,3
DA:118,3
DA:119,2
DA:120,2
DA:123,1
DA:124,1
DA:126,0
DA:127,0
DA:137,2
DA:139,2
DA:140,2
DA:142,2
DA:149,2
DA:150,2
DA:152,0
DA:153,0
DA:164,3
DA:166,3
DA:168,3
DA:169,3
DA:170,3
DA:172,3
DA:173,2
DA:174,2
DA:176,3
DA:177,0
DA:178,0
DA:180,3
DA:181,2
DA:182,2
DA:184,3
DA:185,1
DA:186,1
DA:188,3
DA:189,0
DA:190,0
DA:192,3
DA:193,0
DA:194,0
DA:198,3
DA:201,3
DA:203,3
DA:205,0
DA:206,0
DA:209,3
DA:216,3
DA:218,3
DA:219,1
DA:220,1
DA:223,2
DA:224,2
DA:226,0
DA:227,0
DA:237,2
DA:239,2
DA:240,2
DA:245,2
DA:246,1
DA:247,1
DA:250,1
DA:251,1
DA:253,0
DA:254,0
DA:270,3
DA:272,3
DA:273,3
DA:275,3
DA:276,0
DA:284,0
DA:285,0
DA:287,0
DA:289,3
DA:293,3
DA:294,3
DA:297,0
DA:298,0
DA:314,3
DA:316,3
DA:317,3
DA:319,3
DA:320,0
DA:328,0
DA:329,0
DA:331,0
DA:333,3
DA:337,3
DA:338,3
DA:341,0
DA:342,0
DA:358,2
DA:360,2
DA:361,2
DA:363,2
DA:364,0
DA:372,0
DA:373,0
DA:375,0
DA:377,2
DA:381,2
DA:382,2
DA:385,0
DA:386,0
DA:403,1
DA:405,1
DA:406,1
DA:408,1
DA:409,0
DA:420,0
DA:421,0
DA:423,0
DA:425,1
DA:429,1
DA:430,1
DA:433,0
DA:434,0
LF:133
LH:87
BRDA:69,0,0,2
BRDA:69,0,1,0
BRDA:71,1,0,0
BRDA:71,1,1,2
BRDA:118,2,0,2
BRDA:118,2,1,1
BRDA:140,3,0,2
BRDA:140,4,0,2
BRDA:172,5,0,2
BRDA:172,5,1,1
BRDA:176,6,0,0
BRDA:176,6,1,3
BRDA:180,7,0,2
BRDA:180,7,1,1
BRDA:184,8,0,1
BRDA:184,8,1,2
BRDA:188,9,0,0
BRDA:188,9,1,3
BRDA:192,10,0,0
BRDA:192,10,1,3
BRDA:203,11,0,0
BRDA:203,11,1,3
BRDA:218,12,0,1
BRDA:218,12,1,2
BRDA:245,13,0,1
BRDA:245,13,1,1
BRDA:273,14,0,3
BRDA:273,14,1,0
BRDA:275,15,0,0
BRDA:275,15,1,3
BRDA:317,16,0,3
BRDA:317,16,1,0
BRDA:319,17,0,0
BRDA:319,17,1,3
BRDA:361,18,0,2
BRDA:361,18,1,0
BRDA:363,19,0,0
BRDA:363,19,1,2
BRDA:406,20,0,1
BRDA:406,20,1,0
BRDA:408,21,0,0
BRDA:408,21,1,1
BRF:42
BRH:28
end_of_record
TN:
SF:src/models/team.model.ts
FN:60,(anonymous_0)
FN:107,(anonymous_1)
FN:165,(anonymous_2)
FN:192,(anonymous_3)
FN:251,(anonymous_4)
FN:276,(anonymous_5)
FN:301,(anonymous_6)
FN:330,(anonymous_7)
FN:356,(anonymous_8)
FN:380,(anonymous_9)
FNF:10
FNH:9
FNDA:2,(anonymous_0)
FNDA:2,(anonymous_1)
FNDA:3,(anonymous_2)
FNDA:0,(anonymous_3)
FNDA:6,(anonymous_4)
FNDA:2,(anonymous_5)
FNDA:2,(anonymous_6)
FNDA:3,(anonymous_7)
FNDA:3,(anonymous_8)
FNDA:3,(anonymous_9)
DA:1,1
DA:2,1
DA:53,1
DA:61,2
DA:64,2
DA:65,2
DA:66,2
DA:67,2
DA:70,2
DA:76,1
DA:77,1
DA:80,1
DA:85,1
DA:87,1
DA:88,1
DA:90,1
DA:92,1
DA:93,1
DA:94,1
DA:96,2
DA:112,2
DA:114,2
DA:115,2
DA:117,2
DA:118,0
DA:137,0
DA:138,0
DA:140,0
DA:142,2
DA:151,2
DA:152,2
DA:155,0
DA:156,0
DA:166,3
DA:168,3
DA:169,3
DA:174,3
DA:175,2
DA:176,2
DA:179,1
DA:180,1
DA:182,0
DA:183,0
DA:193,0
DA:195,0
DA:198,0
DA:209,0
DA:210,0
DA:211,0
DA:215,0
DA:216,0
DA:226,0
DA:227,0
DA:228,0
DA:238,0
DA:239,0
DA:241,0
DA:242,0
DA:252,6
DA:254,6
DA:255,6
DA:262,6
DA:263,6
DA:265,0
DA:266,0
DA:277,2
DA:279,2
DA:280,2
DA:287,1
DA:288,1
DA:290,1
DA:291,1
DA:302,2
DA:304,2
DA:305,2
DA:310,2
DA:311,1
DA:312,1
DA:315,1
DA:316,1
DA:318,0
DA:319,0
DA:331,3
DA:333,3
DA:334,3
DA:339,3
DA:340,3
DA:342,3
DA:344,0
DA:345,0
DA:357,3
DA:359,3
DA:360,3
DA:365,3
DA:366,3
DA:368,3
DA:370,0
DA:371,0
DA:381,3
DA:383,3
DA:384,3
DA:389,3
DA:390,1
DA:391,1
DA:394,2
DA:395,2
DA:397,0
DA:398,0
LF:108
LH:75
BRDA:115,0,0,2
BRDA:115,0,1,0
BRDA:117,1,0,0
BRDA:117,1,1,2
BRDA:174,2,0,2
BRDA:174,2,1,1
BRDA:209,3,0,0
BRDA:209,3,1,0
BRDA:227,4,0,0
BRDA:227,4,1,0
BRDA:310,5,0,1
BRDA:310,5,1,1
BRDA:340,6,0,2
BRDA:340,6,1,1
BRDA:366,7,0,1
BRDA:366,7,1,2
BRDA:389,8,0,1
BRDA:389,8,1,2
BRF:18
BRH:12
end_of_record
TN:
SF:src/models/user.model.ts
FN:49,(anonymous_1)
FN:83,(anonymous_2)
FN:111,(anonymous_3)
FN:139,(anonymous_4)
FN:156,(anonymous_5)
FN:182,(anonymous_6)
FNF:6
FNH:6
FNDA:5,(anonymous_1)
FNDA:11,(anonymous_2)
FNDA:4,(anonymous_3)
FNDA:3,(anonymous_4)
FNDA:2,(anonymous_5)
FNDA:5,(anonymous_6)
DA:1,2
DA:2,2
DA:3,2
DA:43,2
DA:50,5
DA:52,5
DA:53,5
DA:56,5
DA:57,5
DA:58,5
DA:61,5
DA:62,5
DA:69,5
DA:70,5
DA:72,0
DA:73,0
DA:84,11
DA:86,11
DA:87,11
DA:92,11
DA:93,6
DA:94,6
DA:97,5
DA:98,5
DA:100,0
DA:101,0
DA:112,4
DA:114,4
DA:115,4
DA:120,4
DA:121,2
DA:122,2
DA:125,2
DA:126,2
DA:128,0
DA:129,0
DA:140,3
DA:142,3
DA:157,2
DA:159,2
DA:160,2
DA:165,2
DA:166,2
DA:168,2
DA:170,0
DA:171,0
DA:183,5
DA:185,5
DA:187,5
DA:188,5
LF:50
LH:42
BRDA:92,0,0,6
BRDA:92,0,1,5
BRDA:120,1,0,2
BRDA:120,1,1,2
BRDA:187,2,0,1
BRDA:187,2,1,4
BRF:6
BRH:6
end_of_record
TN:
SF:src/routes/auth.routes.ts
FNF:0
FNH:0
DA:1,0
DA:2,0
DA:3,0
DA:10,0
DA:12,0
DA:28,0
DA:29,0
DA:44,0
DA:45,0
DA:60,0
DA:61,0
DA:63,0
DA:65,0
LF:13
LH:0
BRF:0
BRH:0
end_of_record
TN:
SF:src/routes/task.routes.ts
FNF:0
FNH:0
DA:1,0
DA:2,0
DA:3,0
DA:10,0
DA:12,0
DA:19,0
DA:26,0
DA:34,0
DA:42,0
DA:49,0
DA:51,0
DA:53,0
LF:12
LH:0
BRF:0
BRH:0
end_of_record
TN:
SF:src/routes/team.routes.ts
FNF:0
FNH:0
DA:1,0
DA:2,0
DA:3,0
DA:11,0
DA:13,0
DA:16,0
DA:30,0
DA:31,0
DA:41,0
DA:42,0
DA:54,0
DA:55,0
DA:70,0
DA:71,0
DA:84,0
DA:85,0
DA:97,0
DA:98,0
DA:100,0
DA:102,0
LF:20
LH:0
BRF:0
BRH:0
end_of_record
TN:
SF:src/services/auth.service.ts
FN:26,(anonymous_1)
FN:60,(anonymous_2)
FN:103,(anonymous_3)
FN:120,(anonymous_4)
FN:135,(anonymous_5)
FNF:5
FNH:5
FNDA:10,(anonymous_1)
FNDA:8,(anonymous_2)
FNDA:8,(anonymous_3)
FNDA:6,(anonymous_4)
FNDA:6,(anonymous_5)
DA:1,2
DA:2,2
DA:18,2
DA:27,10
DA:30,10
DA:31,10
DA:32,1
DA:33,1
DA:37,9
DA:42,9
DA:51,9
DA:52,9
DA:61,8
DA:63,8
DA:65,8
DA:66,8
DA:67,1
DA:68,1
DA:72,7
DA:76,3
DA:78,3
DA:83,4
DA:84,0
DA:85,4
DA:86,4
DA:87,0
DA:88,0
DA:90,0
DA:93,4
DA:104,8
DA:106,8
DA:107,8
DA:109,8
DA:110,8
DA:121,6
DA:123,6
DA:125,6
DA:126,6
DA:136,6
DA:138,6
DA:139,1
DA:140,1
DA:144,5
DA:145,2
DA:146,2
DA:150,3
DA:152,3
DA:153,1
DA:154,1
DA:157,2
DA:158,2
LF:51
LH:47
BRDA:31,0,0,1
BRDA:31,0,1,9
BRDA:66,1,0,1
BRDA:66,1,1,7
BRDA:83,2,0,0
BRDA:83,2,1,4
BRDA:85,3,0,4
BRDA:85,3,1,0
BRDA:87,4,0,0
BRDA:87,4,1,0
BRDA:125,5,0,2
BRDA:125,5,1,4
BRDA:138,6,0,1
BRDA:138,6,1,5
BRDA:144,7,0,2
BRDA:144,7,1,3
BRDA:152,8,0,1
BRDA:152,8,1,2
BRF:18
BRH:14
end_of_record
TN:
SF:src/utils/errors.ts
FN:15,(anonymous_0)
FN:36,(anonymous_1)
FN:47,(anonymous_2)
FN:58,(anonymous_3)
FN:69,(anonymous_4)
FN:80,(anonymous_5)
FN:91,(anonymous_6)
FN:106,handleDatabaseError
FN:175,isOperationalError
FNF:9
FNH:4
FNDA:2,(anonymous_0)
FNDA:1,(anonymous_1)
FNDA:0,(anonymous_2)
FNDA:0,(anonymous_3)
FNDA:0,(anonymous_4)
FNDA:1,(anonymous_5)
FNDA:0,(anonymous_6)
FNDA:2,handleDatabaseError
FNDA:0,isOperationalError
DA:10,4
DA:21,2
DA:22,2
DA:23,2
DA:24,2
DA:27,2
DA:35,4
DA:37,1
DA:38,1
DA:46,4
DA:48,0
DA:49,0
DA:57,4
DA:59,0
DA:60,0
DA:68,4
DA:70,0
DA:71,0
DA:79,4
DA:81,1
DA:82,1
DA:90,4
DA:92,0
DA:93,0
DA:96,0
DA:97,0
DA:106,4
DA:107,2
DA:117,2
DA:120,1
DA:121,0
DA:123,1
DA:124,1
DA:126,0
DA:130,1
DA:131,0
DA:133,1
DA:134,0
DA:136,1
DA:137,0
DA:139,1
DA:143,0
DA:144,0
DA:148,0
DA:149,0
DA:151,0
DA:152,0
DA:154,0
DA:155,0
DA:157,0
DA:162,0
DA:163,0
DA:167,0
DA:168,0
DA:175,4
DA:176,0
DA:177,0
DA:179,0
LF:58
LH:27
BRDA:17,0,0,0
BRDA:18,1,0,0
BRDA:47,2,0,0
BRDA:58,3,0,0
BRDA:69,4,0,0
BRDA:91,5,0,0
BRDA:96,6,0,0
BRDA:96,6,1,0
BRDA:117,7,0,1
BRDA:117,7,1,1
BRDA:117,7,2,0
BRDA:117,7,3,0
BRDA:117,7,4,0
BRDA:117,7,5,0
BRDA:117,7,6,0
BRDA:120,8,0,0
BRDA:120,8,1,1
BRDA:123,9,0,1
BRDA:123,9,1,0
BRDA:130,10,0,0
BRDA:130,10,1,1
BRDA:133,11,0,0
BRDA:133,11,1,1
BRDA:136,12,0,0
BRDA:136,12,1,1
BRDA:143,13,0,0
BRDA:143,13,1,0
BRDA:148,14,0,0
BRDA:148,14,1,0
BRDA:151,15,0,0
BRDA:151,15,1,0
BRDA:154,16,0,0
BRDA:154,16,1,0
BRDA:176,17,0,0
BRDA:176,17,1,0
BRF:35
BRH:7
end_of_record
TN:
SF:src/utils/index.ts
FNF:0
FNH:0
DA:6,0
DA:7,0
DA:8,0
DA:9,0
LF:4
LH:0
BRF:0
BRH:0
end_of_record
TN:
SF:src/utils/pagination.ts
FN:33,calculatePaginationMeta
FN:53,createPaginatedResponse
FN:73,getPaginationSQL
FN:81,buildPaginatedQueries
FN:110,logPaginationQuery
FNF:5
FNH:0
FNDA:0,calculatePaginationMeta
FNDA:0,createPaginatedResponse
FNDA:0,getPaginationSQL
FNDA:0,buildPaginatedQueries
FNDA:0,logPaginationQuery
DA:33,0
DA:38,0
DA:40,0
DA:53,0
DA:60,0
DA:62,0
DA:73,0
DA:74,0
DA:81,0
DA:88,0
DA:91,0
DA:99,0
DA:104,0
DA:110,0
DA:117,0
LF:15
LH:0
BRDA:58,0,0,0
BRDA:117,1,0,0
BRDA:117,1,1,0
BRF:3
BRH:0
end_of_record
TN:
SF:src/utils/response.ts
FN:12,sendSuccess
FN:28,sendError
FN:50,sendNotFound
FN:60,sendValidationError
FN:71,sendUnauthorized
FN:81,sendForbidden
FNF:6
FNH:0
FNDA:0,sendSuccess
FNDA:0,sendError
FNDA:0,sendNotFound
FNDA:0,sendValidationError
FNDA:0,sendUnauthorized
FNDA:0,sendForbidden
DA:12,0
DA:18,0
DA:28,0
DA:34,0
DA:40,0
DA:41,0
DA:44,0
DA:50,0
DA:54,0
DA:60,0
DA:65,0
DA:71,0
DA:75,0
DA:81,0
DA:85,0
LF:15
LH:0
BRDA:15,0,0,0
BRDA:16,1,0,0
BRDA:31,2,0,0
BRDA:40,3,0,0
BRDA:40,3,1,0
BRDA:52,4,0,0
BRDA:73,5,0,0
BRDA:83,6,0,0
BRF:8
BRH:0
end_of_record
TN:
SF:src/utils/validation.ts
FN:11,validateRequired
FN:23,validateEmail
FN:36,validatePassword
FN:48,validateId
FN:61,validateTaskStatus
FN:75,validateTaskPriority
FN:95,validatePagination
FN:136,validateEnum
FNF:8
FNH:0
FNDA:0,validateRequired
FNDA:0,validateEmail
FNDA:0,validatePassword
FNDA:0,validateId
FNDA:0,validateTaskStatus
FNDA:0,validateTaskPriority
FNDA:0,validatePagination
FNDA:0,validateEnum
DA:6,0
DA:11,0
DA:12,0
DA:13,0
DA:17,0
DA:23,0
DA:24,0
DA:25,0
DA:26,0
DA:30,0
DA:36,0
DA:37,0
DA:38,0
DA:48,0
DA:49,0
DA:50,0
DA:51,0
DA:55,0
DA:61,0
DA:62,0
DA:63,0
DA:64,0
DA:69,0
DA:75,0
DA:76,0
DA:77,0
DA:78,0
DA:83,0
DA:95,0
DA:101,0
DA:102,0
DA:103,0
DA:104,0
DA:105,0
DA:112,0
DA:113,0
DA:114,0
DA:115,0
DA:116,0
DA:120,0
DA:121,0
DA:128,0
DA:130,0
DA:136,0
DA:141,0
DA:142,0
DA:147,0
LF:47
LH:0
BRDA:12,0,0,0
BRDA:12,0,1,0
BRDA:12,1,0,0
BRDA:12,1,1,0
BRDA:12,1,2,0
BRDA:17,2,0,0
BRDA:17,2,1,0
BRDA:25,3,0,0
BRDA:25,3,1,0
BRDA:36,4,0,0
BRDA:37,5,0,0
BRDA:37,5,1,0
BRDA:48,6,0,0
BRDA:50,7,0,0
BRDA:50,7,1,0
BRDA:50,8,0,0
BRDA:50,8,1,0
BRDA:63,9,0,0
BRDA:63,9,1,0
BRDA:77,10,0,0
BRDA:77,10,1,0
BRDA:98,11,0,0
BRDA:102,12,0,0
BRDA:102,12,1,0
BRDA:103,13,0,0
BRDA:103,13,1,0
BRDA:104,14,0,0
BRDA:104,14,1,0
BRDA:104,15,0,0
BRDA:104,15,1,0
BRDA:113,16,0,0
BRDA:113,16,1,0
BRDA:114,17,0,0
BRDA:114,17,1,0
BRDA:115,18,0,0
BRDA:115,18,1,0
BRDA:115,19,0,0
BRDA:115,19,1,0
BRDA:120,20,0,0
BRDA:120,20,1,0
BRDA:141,21,0,0
BRDA:141,21,1,0
BRF:42
BRH:0
end_of_record
